<?xml version='1.0' encoding='UTF-8'?>
<testsuite failures="0" id="0" name="bitcoin_abc_tests" skipped="0" tests="1" time="7" timestamp="2018-08-29T19:27:46.933970"><testcase classname="abc-transaction-ordering.py" name="abc-transaction-ordering.py" time="7"><system-out>2018-08-29 22:27:39.572000 TestFramework (INFO): Initializing test directory /tmp/bitcoin_test_runner_20180829_192739/abc-transaction-ordering_125
2018-08-29 22:27:39.835000 TestFramework.mininode (INFO): Connecting to Bitcoin Node: 127.0.0.1:12000
2018-08-29 22:27:40.099000 TestFramework.comptool (INFO): Test 1: PASS
2018-08-29 22:27:40.505000 TestFramework.comptool (INFO): Test 2: PASS
2018-08-29 22:27:40.718000 TestFramework.comptool (INFO): Test 3: PASS
2018-08-29 22:27:40.896000 TestFramework.comptool (INFO): Test 4: PASS
2018-08-29 22:27:41.125000 TestFramework.comptool (INFO): Test 5: PASS
2018-08-29 22:27:41.308000 TestFramework.comptool (INFO): Test 6: PASS
2018-08-29 22:27:41.537000 TestFramework.comptool (INFO): Test 7: PASS
2018-08-29 22:27:41.717000 TestFramework.comptool (INFO): Test 8: PASS
2018-08-29 22:27:41.947000 TestFramework.comptool (INFO): Test 9: PASS
2018-08-29 22:27:42.167000 TestFramework.comptool (INFO): Test 10: PASS
2018-08-29 22:27:42.348000 TestFramework.comptool (INFO): Test 11: PASS
2018-08-29 22:27:42.579000 TestFramework.comptool (INFO): Test 12: PASS
2018-08-29 22:27:42.760000 TestFramework.comptool (INFO): Test 13: PASS
2018-08-29 22:27:42.995000 TestFramework.comptool (INFO): Test 14: PASS
2018-08-29 22:27:43.174000 TestFramework.comptool (INFO): Test 15: PASS
2018-08-29 22:27:43.392000 TestFramework.comptool (INFO): Test 16: PASS
2018-08-29 22:27:43.574000 TestFramework.comptool (INFO): Test 17: PASS
2018-08-29 22:27:43.806000 TestFramework.comptool (INFO): Test 18: PASS
2018-08-29 22:27:43.993000 TestFramework.comptool (INFO): Test 19: PASS
2018-08-29 22:27:44.111000 TestFramework.comptool (INFO): Test 20: PASS
2018-08-29 22:27:44.303000 TestFramework.comptool (INFO): Test 21: PASS
2018-08-29 22:27:44.418000 TestFramework.comptool (INFO): Test 22: PASS
2018-08-29 22:27:44.612000 TestFramework.comptool (INFO): Test 23: PASS
2018-08-29 22:27:44.736000 TestFramework (INFO): Stopping nodes
2018-08-29 22:27:46.897000 TestFramework (INFO): Cleaning up
2018-08-29 22:27:46.900000 TestFramework (INFO): Tests successful
</system-out><system-err /></testcase></testsuite>